2018-06-10 12:39:18,038 CRIT Supervisor running as root (no user in config file)
2018-06-10 12:39:18,039 WARN Included extra file "/etc/supervisor/conf.d/supervisord.conf" during parsing
2018-06-10 12:39:18,087 INFO RPC interface 'supervisor' initialized
2018-06-10 12:39:18,088 CRIT Server 'unix_http_server' running without any HTTP authentication checking
2018-06-10 12:39:18,089 INFO supervisord started with pid 1
2018-06-10 12:39:19,097 INFO spawned: 'varnishd' with pid 13
2018-06-10 12:39:19,107 INFO spawned: 'php-fpm' with pid 14
2018-06-10 12:39:19,117 INFO spawned: 'varnish-plugins-watcher' with pid 15
2018-06-10 12:39:19,143 INFO spawned: 'nginx' with pid 16
2018-06-10 12:39:19,180 INFO spawned: 'MailHog' with pid 17
2018-06-10 12:39:19,229 INFO spawned: 'mysql' with pid 20
2018-06-10 12:39:19,260 INFO spawned: 'varnish-themes-watcher' with pid 23
2018-06-10 12:39:20,249 INFO success: varnishd entered RUNNING state, process has stayed up for > than 1 seconds (startsecs)
2018-06-10 12:39:20,250 INFO success: php-fpm entered RUNNING state, process has stayed up for > than 1 seconds (startsecs)
2018-06-10 12:39:20,251 INFO success: varnish-plugins-watcher entered RUNNING state, process has stayed up for > than 1 seconds (startsecs)
2018-06-10 12:39:20,251 INFO success: nginx entered RUNNING state, process has stayed up for > than 1 seconds (startsecs)
2018-06-10 12:39:20,252 INFO success: MailHog entered RUNNING state, process has stayed up for > than 1 seconds (startsecs)
2018-06-10 12:39:20,253 INFO success: mysql entered RUNNING state, process has stayed up for > than 1 seconds (startsecs)
2018-06-10 12:39:20,253 INFO success: varnish-themes-watcher entered RUNNING state, process has stayed up for > than 1 seconds (startsecs)
2018-06-10 12:42:16,659 WARN received SIGTERM indicating exit request
2018-06-10 12:42:16,661 INFO waiting for varnishd, php-fpm, varnish-plugins-watcher, nginx, MailHog, mysql, varnish-themes-watcher to die
2018-06-10 12:42:17,667 INFO stopped: varnish-themes-watcher (terminated by SIGTERM)
2018-06-10 12:42:17,737 INFO stopped: mysql (exit status 0)
2018-06-10 12:42:17,739 INFO stopped: MailHog (terminated by SIGTERM)
2018-06-10 12:42:17,746 INFO stopped: nginx (exit status 0)
2018-06-10 12:42:18,750 INFO stopped: varnish-plugins-watcher (terminated by SIGTERM)
2018-06-10 12:42:18,768 INFO stopped: php-fpm (exit status 0)
2018-06-10 12:42:19,369 CRIT reaped unknown pid 25)
2018-06-10 12:42:19,781 INFO waiting for varnishd to die
2018-06-10 12:42:19,910 INFO stopped: varnishd (exit status 0)
2018-06-10 13:50:23,741 CRIT Supervisor running as root (no user in config file)
2018-06-10 13:50:23,742 WARN Included extra file "/etc/supervisor/conf.d/supervisord.conf" during parsing
2018-06-10 13:50:23,956 INFO RPC interface 'supervisor' initialized
2018-06-10 13:50:23,965 CRIT Server 'unix_http_server' running without any HTTP authentication checking
2018-06-10 13:50:23,965 INFO supervisord started with pid 1
2018-06-10 13:50:24,979 INFO spawned: 'varnishd' with pid 24
2018-06-10 13:50:24,991 INFO spawned: 'php-fpm' with pid 25
2018-06-10 13:50:25,008 INFO spawned: 'varnish-plugins-watcher' with pid 26
2018-06-10 13:50:25,036 INFO spawned: 'nginx' with pid 27
2018-06-10 13:50:25,072 INFO spawned: 'MailHog' with pid 28
2018-06-10 13:50:25,116 INFO spawned: 'mysql' with pid 30
2018-06-10 13:50:25,141 INFO spawned: 'varnish-themes-watcher' with pid 31
2018-06-10 13:50:26,521 INFO success: varnishd entered RUNNING state, process has stayed up for > than 1 seconds (startsecs)
2018-06-10 13:50:26,521 INFO success: php-fpm entered RUNNING state, process has stayed up for > than 1 seconds (startsecs)
2018-06-10 13:50:26,522 INFO success: varnish-plugins-watcher entered RUNNING state, process has stayed up for > than 1 seconds (startsecs)
2018-06-10 13:50:26,523 INFO success: nginx entered RUNNING state, process has stayed up for > than 1 seconds (startsecs)
2018-06-10 13:50:26,523 INFO success: MailHog entered RUNNING state, process has stayed up for > than 1 seconds (startsecs)
2018-06-10 13:50:26,524 INFO success: mysql entered RUNNING state, process has stayed up for > than 1 seconds (startsecs)
2018-06-10 13:50:26,525 INFO success: varnish-themes-watcher entered RUNNING state, process has stayed up for > than 1 seconds (startsecs)
